<?xml version="1.0" encoding="UTF-8"?>
<!-- Generated by org.testng.reporters.JUnitReportReporter -->
<testsuite hostname="kelve-IS-1413G" name="hibernate.Test" tests="1" failures="0" timestamp="18 Feb 2015 01:09:54 GMT" time="2.651" errors="0">
  <testcase name="TestProperSimpleInversionCode" time="2.651" classname="hibernate.Test"/>
</testsuite> <!-- hibernate.Test -->
