<?xml version="1.0" encoding="UTF-8"?>
<!-- Generated by org.testng.reporters.JUnitReportReporter -->
<testsuite hostname="kelve-IS-1413G" name="model.ModelTest" tests="1" failures="0" timestamp="17 Feb 2015 16:24:08 GMT" time="0.021" errors="0">
  <testcase name="testModelCreation" time="0.021" classname="model.ModelTest"/>
</testsuite> <!-- model.ModelTest -->
